app/build/outputs/logs/manifest-merger-debug-report.txt
-- Merging decision tree log ---
manifest
ADDED from src\main\AndroidManifest.xml:2:1-53:12
	package
		ADDED from src\main\AndroidManifest.xml:4:5-38
		INJECTED from src\main\AndroidManifest.xml
		INJECTED from src\main\AndroidManifest.xml
	android:versionName
		ADDED from src\main\AndroidManifest.xml:6:5-30
	android:versionCode
		ADDED from src\main\AndroidManifest.xml:5:5-28
		INJECTED from src\main\AndroidManifest.xml
		INJECTED from src\main\AndroidManifest.xml
	xmlns:android
		ADDED from src\main\AndroidManifest.xml:3:5-63
uses-sdk
ADDED from src\main\AndroidManifest.xml:8:5-43
	android:targetSdkVersion
		INJECTED from src\main\AndroidManifest.xml
		INJECTED from src\main\AndroidManifest.xml
	android:minSdkVersion
		ADDED from src\main\AndroidManifest.xml:8:15-40
		INJECTED from src\main\AndroidManifest.xml
		INJECTED from src\main\AndroidManifest.xml
application
ADDED from src\main\AndroidManifest.xml:10:5-48:19
	android:label
		ADDED from src\main\AndroidManifest.xml:13:9-41
	android:configChanges
		ADDED from src\main\AndroidManifest.xml:11:9-59
	android:icon
		ADDED from src\main\AndroidManifest.xml:12:9-43
activity#com.example.androidhive.MainActivity
ADDED from src\main\AndroidManifest.xml:15:9-24:20
	android:label
		ADDED from src\main\AndroidManifest.xml:17:13-45
	android:name
		ADDED from src\main\AndroidManifest.xml:16:13-41
intent-filter#android.intent.action.MAIN+android.intent.category.LAUNCHER
ADDED from src\main\AndroidManifest.xml:19:13-22:29
action#android.intent.action.MAIN
ADDED from src\main\AndroidManifest.xml:20:17-69
	android:name
		ADDED from src\main\AndroidManifest.xml:20:25-66
category#android.intent.category.LAUNCHER
ADDED from src\main\AndroidManifest.xml:21:17-77
	android:name
		ADDED from src\main\AndroidManifest.xml:21:27-74
activity#com.example.androidhive.MainScreenActivity
ADDED from src\main\AndroidManifest.xml:26:9-29:20
	android:label
		ADDED from src\main\AndroidManifest.xml:28:13-45
	android:name
		ADDED from src\main\AndroidManifest.xml:27:13-47
activity#com.example.androidhive.AllProductsActivity
ADDED from src\main\AndroidManifest.xml:32:9-35:20
	android:label
		ADDED from src\main\AndroidManifest.xml:34:13-47
	android:name
		ADDED from src\main\AndroidManifest.xml:33:13-48
activity#com.example.androidhive.NewProductActivity
ADDED from src\main\AndroidManifest.xml:38:9-41:20
	android:label
		ADDED from src\main\AndroidManifest.xml:40:13-50
	android:name
		ADDED from src\main\AndroidManifest.xml:39:13-47
activity#com.example.androidhive.EditProductActivity
ADDED from src\main\AndroidManifest.xml:44:9-47:20
	android:label
		ADDED from src\main\AndroidManifest.xml:46:13-48
	android:name
		ADDED from src\main\AndroidManifest.xml:45:13-48
uses-permission#android.permission.INTERNET
ADDED from src\main\AndroidManifest.xml:51:5-67
	android:name
		ADDED from src\main\AndroidManifest.xml:51:22-64